0 info it worked if it ends with ok
1 verbose cli [ '/usr/bin/nodejs', '/usr/bin/npm', 'run', 'precommit' ]
2 info using npm@3.10.10
3 info using node@v6.9.5
4 verbose run-script [ 'precommit' ]
5 info lifecycle psrgenerator@0.1.0~precommit: psrgenerator@0.1.0
6 verbose lifecycle psrgenerator@0.1.0~precommit: unsafe-perm in lifecycle true
7 verbose lifecycle psrgenerator@0.1.0~precommit: PATH: /usr/lib/node_modules/npm/bin/node-gyp-bin:/media/suchan/New Volume/Personal/PSR-Generator_linux/node_modules/.bin:/home/suchan/.linuxbrew/bin:/home/suchan/.linuxbrew/bin:/home/suchan/.local/share/umake/bin:/home/suchan/bin:/home/suchan/.local/bin:/usr/local/sbin:/usr/local/bin:/usr/sbin:/usr/bin:/sbin:/bin:/usr/games:/usr/local/games
8 verbose lifecycle psrgenerator@0.1.0~precommit: CWD: /media/suchan/New Volume/Personal/PSR-Generator_linux
9 silly lifecycle psrgenerator@0.1.0~precommit: Args: [ '-c', 'npm run lint' ]
10 silly lifecycle psrgenerator@0.1.0~precommit: Returned: code: 1  signal: null
11 info lifecycle psrgenerator@0.1.0~precommit: Failed to exec precommit script
12 verbose stack Error: psrgenerator@0.1.0 precommit: `npm run lint`
12 verbose stack Exit status 1
12 verbose stack     at EventEmitter.<anonymous> (/usr/lib/node_modules/npm/lib/utils/lifecycle.js:255:16)
12 verbose stack     at emitTwo (events.js:106:13)
12 verbose stack     at EventEmitter.emit (events.js:191:7)
12 verbose stack     at ChildProcess.<anonymous> (/usr/lib/node_modules/npm/lib/utils/spawn.js:40:14)
12 verbose stack     at emitTwo (events.js:106:13)
12 verbose stack     at ChildProcess.emit (events.js:191:7)
12 verbose stack     at maybeClose (internal/child_process.js:877:16)
12 verbose stack     at Process.ChildProcess._handle.onexit (internal/child_process.js:226:5)
13 verbose pkgid psrgenerator@0.1.0
14 verbose cwd /media/suchan/New Volume/Personal/PSR-Generator_linux
15 error Linux 4.4.0-38-generic
16 error argv "/usr/bin/nodejs" "/usr/bin/npm" "run" "precommit"
17 error node v6.9.5
18 error npm  v3.10.10
19 error code ELIFECYCLE
20 error psrgenerator@0.1.0 precommit: `npm run lint`
20 error Exit status 1
21 error Failed at the psrgenerator@0.1.0 precommit script 'npm run lint'.
21 error Make sure you have the latest version of node.js and npm installed.
21 error If you do, this is most likely a problem with the psrgenerator package,
21 error not with npm itself.
21 error Tell the author that this fails on your system:
21 error     npm run lint
21 error You can get information on how to open an issue for this project with:
21 error     npm bugs psrgenerator
21 error Or if that isn't available, you can get their info via:
21 error     npm owner ls psrgenerator
21 error There is likely additional logging output above.
22 verbose exit [ 1, true ]
